<html>
<body>
<pre>
<h1>µVision Build Log</h1>
<h2>Tool Versions:</h2>
IDE-Version: µVision V5.27.1.0
Copyright (C) 2019 ARM Ltd and ARM Germany GmbH. All rights reserved.
License Information: Ashfaq Ahmad, Uet peshawar, LIC=----
 
Tool Versions:
Toolchain:       PK51 Prof. Develpers Kit  Version: 9.60.0.0
Toolchain Path:  C:\Keil_v5\C51\BIN
C Compiler:      C51.exe V9.60.0.0
Assembler:       A51.exe V8.2.7.0
Linker/Locator:  BL51.exe V6.22.2.0
Library Manager: LIB51.exe V4.30.1.0
Hex Converter:   OH51.exe V2.7.0.0
CPU DLL:         S8051.DLL V3.122.0.0
Dialog DLL:      DP51.DLL V2.67.0.0 
<h2>Project:</h2>
D:\6th Semester\MBSD\Tasks\Keil&proteus files\Task06_C_advanced\Task06.uvproj
Project File Date:  08/18/2022

<h2>Output:</h2>
Rebuild target 'Target 1'
assembling STARTUP.A51...
compiling Task06.c...
Task06.c(36): error C141: syntax error near 'void', expected ';'
Task06.c(37): error C141: syntax error near '{', expected ';'
Task06.c(39): error C231: 'lcd_init': redefinition
Task06.c(42): error C141: syntax error near '0x94', expected 'bit'
Task06.c(42): error C231: '_writecmd': redefinition
Task06.c(43): error C141: syntax error near ''A'', expected 'bit'
Task06.c(43): error C231: '_writedata': redefinition
Task06.c(44): error C141: syntax error near ''S'', expected 'bit'
Task06.c(44): error C231: '_writedata': redefinition
Task06.c(45): error C141: syntax error near ''H'', expected 'bit'
Task06.c(45): error C231: '_writedata': redefinition
Task06.c(46): error C141: syntax error near ''F'', expected 'bit'
Task06.c(46): error C231: '_writedata': redefinition
Task06.c(47): error C141: syntax error near ''A'', expected 'bit'
Task06.c(47): error C231: '_writedata': redefinition
Task06.c(48): error C141: syntax error near ''Q'', expected 'bit'
Task06.c(48): error C231: '_writedata': redefinition
Task06.c(49): error C141: syntax error near '' '', expected 'bit'
Task06.c(49): error C231: '_writedata': redefinition
Task06.c(50): error C141: syntax error near ''A'', expected 'bit'
Task06.c(50): error C231: '_writedata': redefinition
Task06.c(51): error C141: syntax error near ''H'', expected 'bit'
Task06.c(51): error C231: '_writedata': redefinition
Task06.c(52): error C141: syntax error near ''M'', expected 'bit'
Task06.c(52): error C231: '_writedata': redefinition
Task06.c(53): error C141: syntax error near ''A'', expected 'bit'
Task06.c(53): error C231: '_writedata': redefinition
Task06.c(54): error C141: syntax error near ''D'', expected 'bit'
Task06.c(54): error C231: '_writedata': redefinition
Task06.c(55): error C141: syntax error near '0xD4', expected 'bit'
Task06.c(55): error C231: '_writecmd': redefinition
Task06.c(56): error C141: syntax error near ''M'', expected 'bit'
Task06.c(56): error C231: '_writedata': redefinition
Task06.c(57): error C141: syntax error near ''B'', expected 'bit'
Task06.c(57): error C231: '_writedata': redefinition
Task06.c(58): error C141: syntax error near ''S'', expected 'bit'
Task06.c(58): error C231: '_writedata': redefinition
Task06.c(59): error C141: syntax error near ''D'', expected 'bit'
Task06.c(59): error C231: '_writedata': redefinition
Task06.c(60): error C141: syntax error near '' '', expected 'bit'
Task06.c(60): error C231: '_writedata': redefinition
Task06.c(61): error C141: syntax error near ''T'', expected 'bit'
Task06.c(61): error C231: '_writedata': redefinition
Task06.c(62): error C141: syntax error near ''A'', expected 'bit'
Task06.c(62): error C231: '_writedata': redefinition
Task06.c(63): error C141: syntax error near ''S'', expected 'bit'
Task06.c(63): error C231: '_writedata': redefinition
Task06.c(64): error C141: syntax error near ''K'', expected 'bit'
Task06.c(64): error C231: '_writedata': redefinition
Task06.c(65): error C141: syntax error near ''0'', expected 'bit'
Task06.c(65): error C231: '_writedata': redefinition
Task06.c(66): error C141: syntax error near ''6'', expected 'bit'
Task06.c(66): error C231: '_writedata': redefinition
Task06.c(67): error C141: syntax error near '0x80', expected 'bit'
Task06.c(67): error C231: '_writecmd': redefinition
Task06.c(69): error C141: syntax error near 'while', expected 'hdata'
Task06.c(69): error C141: syntax error near '1', expected 'hdata'
Task06.c(71): error C231: 'key': redefinition
Task06.c(72): error C141: syntax error near 'if', expected 'hdata'
Task06.c(72): error C141: syntax error near '==', expected ')'
Task06.c(74): error C141: syntax error near '0x01', expected 'bit'
Task06.c(74): error C231: '_writecmd': redefinition
Task06.c(75): error C136: invalid dimension size: [0]
Task06.c(75): error C231: 'arr': redefinition
Task06.c(75): error C247: non-address/-constant initializer
Task06.c(76): error C231: 'int_result': redefinition
Task06.c(77): error C279: 'index': multiple initialization
Task06.c(77): error C231: 'index': redefinition
Task06.c(78): error C141: syntax error near '}', expected 'hdata'
Task06.c(79): error C141: syntax error near '==', expected ')'
Task06.c(81): error C141: syntax error near ''='', expected 'bit'
Task06.c(81): error C231: '_writedata': redefinition
Task06.c(82): error C141: syntax error near 'if', expected 'hdata'
Task06.c(82): error C141: syntax error near '==', expected ')'
Task06.c(84): error C279: 'int_result': multiple initialization
Task06.c(85): error C141: syntax error near '}', expected 'hdata'
Task06.c(86): error C141: syntax error near '==', expected ')'
Task06.c(88): error C279: 'int_result': multiple initialization
Task06.c(89): error C141: syntax error near '}', expected 'hdata'
Task06.c(90): error C141: syntax error near '==', expected ')'
Task06.c(92): error C279: 'int_result': multiple initialization
Task06.c(93): error C141: syntax error near '}', expected 'hdata'
Task06.c(94): error C141: syntax error near '==', expected ')'
Task06.c(96): error C279: 'int_result': multiple initialization
Task06.c(97): error C141: syntax error near '}', expected 'hdata'
Task06.c(99): error C141: syntax error near '>', expected ')'
Task06.c(102): error C136: invalid dimension size: [0]
Task06.c(102): error C231: 'arr1': redefinition
Task06.c(102): error C247: non-address/-constant initializer
Task06.c(103): error C279: 'arr1': multiple initialization
Task06.c(103): error C247: non-address/-constant initializer
Task06.c(105): error C231: 'char_result': redefinition
Task06.c(106): error C231: '_writedata': redefinition
Task06.c(108): error C279: 'char_result': multiple initialization
Task06.c(109): error C231: '_writedata': redefinition
Task06.c(110): error C141: syntax error near '}', expected 'hdata'
Task06.c(113): error C279: 'char_result': multiple initialization
Task06.c(113): error C247: non-address/-constant initializer
Task06.c(114): error C231: '_writedata': redefinition
Task06.c(115): error C141: syntax error near '}', expected 'hdata'
Task06.c(118): error C231: '_writedata': redefinition
Task06.c(119): error C141: syntax error near '}', expected 'hdata'
Target not created.
Build Time Elapsed:  00:00:01
</pre>
</body>
</html>
